c:\dev\opengl_scratch\opengl_scratch\bin-int\x64\debug\vc141.pdb
c:\dev\opengl_scratch\opengl_scratch\bin-int\x64\debug\vc141.idb
c:\dev\opengl_scratch\opengl_scratch\bin-int\x64\debug\openglhelpers.obj
c:\dev\opengl_scratch\opengl_scratch\bin-int\x64\debug\callbackfunctions.obj
c:\dev\opengl_scratch\opengl_scratch\bin-int\x64\debug\hellotriangle.obj
c:\dev\opengl_scratch\opengl_scratch\bin-int\x64\debug\hellotriangleex3.obj
c:\dev\opengl_scratch\opengl_scratch\bin-int\x64\debug\hellotriangleex2.obj
c:\dev\opengl_scratch\opengl_scratch\bin-int\x64\debug\hellotriangleex1.obj
c:\dev\opengl_scratch\opengl_scratch\bin-int\x64\debug\application.obj
c:\dev\opengl_scratch\opengl_scratch\bin-int\x64\debug\shader.obj
c:\dev\opengl_scratch\opengl_scratch\bin-int\x64\debug\shaderlesson.obj
c:\dev\opengl_scratch\opengl_scratch\bin-int\x64\debug\glad.obj
c:\dev\opengl_scratch\opengl_scratch\bin\x64\debug\opengl_scratch.ilk
c:\dev\opengl_scratch\opengl_scratch\bin\x64\debug\opengl_scratch.exe
c:\dev\opengl_scratch\opengl_scratch\bin\x64\debug\opengl_scratch.pdb
c:\dev\opengl_scratch\opengl_scratch\bin-int\x64\debug\opengl_scratch.tlog\cl.command.1.tlog
c:\dev\opengl_scratch\opengl_scratch\bin-int\x64\debug\opengl_scratch.tlog\cl.read.1.tlog
c:\dev\opengl_scratch\opengl_scratch\bin-int\x64\debug\opengl_scratch.tlog\cl.write.1.tlog
c:\dev\opengl_scratch\opengl_scratch\bin-int\x64\debug\opengl_scratch.tlog\link.command.1.tlog
c:\dev\opengl_scratch\opengl_scratch\bin-int\x64\debug\opengl_scratch.tlog\link.read.1.tlog
c:\dev\opengl_scratch\opengl_scratch\bin-int\x64\debug\opengl_scratch.tlog\link.write.1.tlog
